11-21 15:24:53 com_github_MitjaNemec_ReplicateLayout.action_replicate_layout 392:Plugin executed on: 'win32'
11-21 15:24:53 com_github_MitjaNemec_ReplicateLayout.action_replicate_layout 393:Plugin executed with python version: '3.11.5 (main, Jan 19 2024, 08:13:45) [MSC v.1936 64 bit (AMD64)]'
11-21 15:24:53 com_github_MitjaNemec_ReplicateLayout.action_replicate_layout 394:KiCad build version: 8.0.0
11-21 15:24:53 com_github_MitjaNemec_ReplicateLayout.action_replicate_layout 395:Plugin version: 3.0.3
11-21 15:24:53 com_github_MitjaNemec_ReplicateLayout.action_replicate_layout 396:Frame repr: <wx._core.Frame object at 0x00000235E8F73EB0>
11-21 15:24:53 com_github_MitjaNemec_ReplicateLayout.action_replicate_layout 420:Preparing replicator with U27 as a reference
11-21 15:24:53 com_github_MitjaNemec_ReplicateLayout.replicate_layout 117:getting a list of all footprints on board
11-21 15:24:53 com_github_MitjaNemec_ReplicateLayout.action_replicate_layout 468:source anchor footprint is 'U27'
Located on: ['Sensors', 'temp ec AMC3336']
With filenames: ['sensors.kicad_sch', 'amc3336.kicad_sch']
With sheet_id:['Sensors', 'temp ec AMC3336']
11-21 15:24:53 com_github_MitjaNemec_ReplicateLayout.action_replicate_layout 475:Corresponding footprints are 
[('U29', ['Sensors', 'pH AMC3336']), ('U27', ['Sensors', 'temp ec AMC3336']), ('U28', ['Sensors', 'ORP AMC3336'])]
11-21 15:24:53 com_github_MitjaNemec_ReplicateLayout.action_replicate_layout 487:Showing dialog
11-21 15:24:53 com_github_MitjaNemec_ReplicateLayout.replicate_layout 472:constructing a list of sheets suitable for replication on level:'temp ec AMC3336', file:'amc3336.kicad_sch'
11-21 15:24:53 com_github_MitjaNemec_ReplicateLayout.replicate_layout 509:suitable sheets are:[['Sensors', 'ORP AMC3336'], ['Sensors', 'pH AMC3336']]
11-21 15:24:54 com_github_MitjaNemec_ReplicateLayout.replicate_layout 1507:Level selected: ['Sensors', 'temp ec AMC3336']
11-21 15:24:54 com_github_MitjaNemec_ReplicateLayout.replicate_layout 1331:Filtering list of tracks
11-21 15:24:54 com_github_MitjaNemec_ReplicateLayout.action_replicate_layout 493:Toolbar position: wx.Point(1886, 77)
11-21 15:24:54 com_github_MitjaNemec_ReplicateLayout.action_replicate_layout 498:Dialog position: wx.Point(1447, 77)
11-21 15:24:58 com_github_MitjaNemec_ReplicateLayout.replicate_layout 472:constructing a list of sheets suitable for replication on level:'temp ec AMC3336', file:'amc3336.kicad_sch'
11-21 15:24:58 com_github_MitjaNemec_ReplicateLayout.replicate_layout 509:suitable sheets are:[['Sensors', 'ORP AMC3336'], ['Sensors', 'pH AMC3336']]
11-21 15:24:58 com_github_MitjaNemec_ReplicateLayout.action_replicate_layout 240:Replicating layout
11-21 15:24:58 com_github_MitjaNemec_ReplicateLayout.replicate_layout 288:Starting replication of sheets: [['Sensors', 'ORP AMC3336'], ['Sensors', 'pH AMC3336']]
on level: ['Sensors', 'temp ec AMC3336']
with tracks=True, zone=True, text=True, text=True, intersecting=False, remove=False, locked footprints=False, group_only=False
11-21 15:24:58 root 332:updating GUI message: 'Preparing for replication'
11-21 15:24:58 root 337:updating GUI with: 0
11-21 15:24:58 com_github_MitjaNemec_ReplicateLayout.replicate_layout 358:Getting the list of source footprints
11-21 15:24:58 com_github_MitjaNemec_ReplicateLayout.replicate_layout 368:Getting the list of all the remaining footprints
11-21 15:24:58 com_github_MitjaNemec_ReplicateLayout.replicate_layout 375:Getting source tracks
11-21 15:24:58 com_github_MitjaNemec_ReplicateLayout.replicate_layout 1331:Filtering list of tracks
11-21 15:24:58 com_github_MitjaNemec_ReplicateLayout.replicate_layout 379:Getting source zones
11-21 15:24:58 root 337:updating GUI with: 50
11-21 15:24:58 com_github_MitjaNemec_ReplicateLayout.replicate_layout 383:Getting source text items
11-21 15:24:58 com_github_MitjaNemec_ReplicateLayout.replicate_layout 387:Getting source drawing items
11-21 15:24:58 root 332:updating GUI message: 'Replicating footprints'
11-21 15:24:58 root 337:updating GUI with: 0
11-21 15:24:58 com_github_MitjaNemec_ReplicateLayout.replicate_layout 861:Replicating footprints
11-21 15:24:58 com_github_MitjaNemec_ReplicateLayout.replicate_layout 868:Replicating footprints on sheet ['Sensors', 'ORP AMC3336']
11-21 15:24:58 com_github_MitjaNemec_ReplicateLayout.replicate_layout 985:Src text UUid:25a87bf9-53dc-43e3-80a6-f1e935dafca7
11-21 15:24:58 com_github_MitjaNemec_ReplicateLayout.replicate_layout 986:Dst text UUid:856362ef-adf9-4684-b5b7-947e355aef9e
11-21 15:24:58 com_github_MitjaNemec_ReplicateLayout.replicate_layout 985:Src text UUid:95744cb6-16fb-450a-8a00-4da2f81ffdbe
11-21 15:24:58 com_github_MitjaNemec_ReplicateLayout.replicate_layout 986:Dst text UUid:bf2e2630-8b57-4dcf-804d-36de6d9ddc45
11-21 15:24:58 com_github_MitjaNemec_ReplicateLayout.replicate_layout 985:Src text UUid:53dc4b0a-4e84-44cf-845b-2b7856f6e0ad
11-21 15:24:58 com_github_MitjaNemec_ReplicateLayout.replicate_layout 986:Dst text UUid:5429af3e-dd8d-4a8b-86ad-725e3b4ebff7
11-21 15:24:58 com_github_MitjaNemec_ReplicateLayout.replicate_layout 985:Src text UUid:44c174b6-3fc8-4bb1-84ce-79b59bd29c0d
11-21 15:24:58 com_github_MitjaNemec_ReplicateLayout.replicate_layout 986:Dst text UUid:3f8df216-e198-44e7-8d63-7480a87e1213
11-21 15:24:58 com_github_MitjaNemec_ReplicateLayout.replicate_layout 985:Src text UUid:e2984d9b-b899-4186-8e17-223821574233
11-21 15:24:58 com_github_MitjaNemec_ReplicateLayout.replicate_layout 986:Dst text UUid:1e7eec7a-0c8f-42ac-8e19-f3cfe0cab44f
11-21 15:24:58 com_github_MitjaNemec_ReplicateLayout.replicate_layout 985:Src text UUid:a49cae3a-c332-4564-8b53-ae22c5078070
11-21 15:24:58 com_github_MitjaNemec_ReplicateLayout.replicate_layout 986:Dst text UUid:b1709fe9-0e5d-4f17-9471-60fc70e9abfa
11-21 15:24:58 com_github_MitjaNemec_ReplicateLayout.replicate_layout 985:Src text UUid:9772cd09-8a91-4f6e-8f64-9035c66b7f1d
11-21 15:24:58 com_github_MitjaNemec_ReplicateLayout.replicate_layout 986:Dst text UUid:fb0b352f-0e94-459a-866b-b8d977f95847
11-21 15:24:58 com_github_MitjaNemec_ReplicateLayout.replicate_layout 985:Src text UUid:fb78809b-461a-4824-b7bc-3db4cf80edf7
11-21 15:24:58 com_github_MitjaNemec_ReplicateLayout.replicate_layout 986:Dst text UUid:85a96a7f-cdab-4b3a-889f-4036d03d72f7
11-21 15:24:58 com_github_MitjaNemec_ReplicateLayout.replicate_layout 985:Src text UUid:181c89c8-cf05-4e16-8253-c6737a4e3f78
11-21 15:24:58 com_github_MitjaNemec_ReplicateLayout.replicate_layout 986:Dst text UUid:3995f06c-a6f9-4ba9-8b6b-447899f5806a
11-21 15:24:58 com_github_MitjaNemec_ReplicateLayout.replicate_layout 985:Src text UUid:c8b538bf-92f9-4e97-b081-81199973bf85
11-21 15:24:58 com_github_MitjaNemec_ReplicateLayout.replicate_layout 986:Dst text UUid:db33c111-37a1-4b7f-b447-1b406047d5b1
11-21 15:24:58 com_github_MitjaNemec_ReplicateLayout.replicate_layout 985:Src text UUid:96e95bd5-22ea-473c-a2a8-8213e4d7f5e9
11-21 15:24:58 com_github_MitjaNemec_ReplicateLayout.replicate_layout 986:Dst text UUid:f96a4109-cb10-47a2-adaa-a08635710497
11-21 15:24:58 com_github_MitjaNemec_ReplicateLayout.replicate_layout 985:Src text UUid:cfdb6362-ae81-4820-9edd-f2f1e10e3d97
11-21 15:24:58 com_github_MitjaNemec_ReplicateLayout.replicate_layout 986:Dst text UUid:2dbe823e-4a8f-4113-b7bd-b5094b490eef
11-21 15:24:58 com_github_MitjaNemec_ReplicateLayout.replicate_layout 985:Src text UUid:e514b119-d1e6-424d-b781-18c9eac05fbb
11-21 15:24:58 com_github_MitjaNemec_ReplicateLayout.replicate_layout 986:Dst text UUid:3df45e71-3f0c-4ca3-addf-b9a315806cea
11-21 15:24:58 com_github_MitjaNemec_ReplicateLayout.replicate_layout 985:Src text UUid:b7f37ecf-bb8d-4d92-9303-cf56bf696656
11-21 15:24:58 com_github_MitjaNemec_ReplicateLayout.replicate_layout 986:Dst text UUid:6db33fbd-bf60-44bd-af20-25d3d56b8f84
11-21 15:24:58 com_github_MitjaNemec_ReplicateLayout.replicate_layout 985:Src text UUid:4cda932f-d6a7-4fa0-8c02-34f7297337af
11-21 15:24:58 com_github_MitjaNemec_ReplicateLayout.replicate_layout 986:Dst text UUid:b863b1fc-b7fe-406a-b7ed-29cd0a83b746
11-21 15:24:58 com_github_MitjaNemec_ReplicateLayout.replicate_layout 985:Src text UUid:ff68d599-d476-4f8d-b64a-72ae9baff60c
11-21 15:24:58 com_github_MitjaNemec_ReplicateLayout.replicate_layout 986:Dst text UUid:57d96ebc-850b-4c09-af12-5e7a0021f973
11-21 15:24:58 com_github_MitjaNemec_ReplicateLayout.replicate_layout 985:Src text UUid:00f6efc5-9e92-4c3b-afec-07c87756db77
11-21 15:24:58 com_github_MitjaNemec_ReplicateLayout.replicate_layout 986:Dst text UUid:a516befc-7c89-472a-9357-65f9e8f3158c
11-21 15:24:58 com_github_MitjaNemec_ReplicateLayout.replicate_layout 985:Src text UUid:d3e63158-687e-4cdd-b4f4-b3becd7c66e0
11-21 15:24:58 com_github_MitjaNemec_ReplicateLayout.replicate_layout 986:Dst text UUid:da4be6f2-9ca1-4e54-8ee5-04a86bb22b5b
11-21 15:24:58 com_github_MitjaNemec_ReplicateLayout.replicate_layout 985:Src text UUid:fd0a5bb1-20a9-4748-ac82-5e47c5bc8570
11-21 15:24:58 com_github_MitjaNemec_ReplicateLayout.replicate_layout 986:Dst text UUid:a36cc288-753b-47d3-a3ab-84eefd3549c5
11-21 15:24:58 com_github_MitjaNemec_ReplicateLayout.replicate_layout 985:Src text UUid:19fcfca0-f12c-453f-b88e-695d3a4e1cdf
11-21 15:24:58 com_github_MitjaNemec_ReplicateLayout.replicate_layout 986:Dst text UUid:4bb9f1e4-82db-4405-bafb-4831f58a69c2
11-21 15:24:58 com_github_MitjaNemec_ReplicateLayout.replicate_layout 985:Src text UUid:fdba5ee1-abff-4fda-8291-14afa0e827dc
11-21 15:24:58 com_github_MitjaNemec_ReplicateLayout.replicate_layout 986:Dst text UUid:7847f91f-2cc8-42d0-875d-53fda78d8b57
11-21 15:24:58 com_github_MitjaNemec_ReplicateLayout.replicate_layout 985:Src text UUid:14391d20-493e-44ae-89b8-f4c0eb7bb6d9
11-21 15:24:58 com_github_MitjaNemec_ReplicateLayout.replicate_layout 986:Dst text UUid:493d9a1e-8555-444a-b164-0d0f01c73138
11-21 15:24:58 com_github_MitjaNemec_ReplicateLayout.replicate_layout 985:Src text UUid:b8942a81-4bff-4b5a-b815-2771c99e9ffe
11-21 15:24:58 com_github_MitjaNemec_ReplicateLayout.replicate_layout 986:Dst text UUid:210b9d36-faf1-42b4-9637-63dd9d7b26db
11-21 15:24:58 com_github_MitjaNemec_ReplicateLayout.replicate_layout 985:Src text UUid:320b0c3a-9f77-40bb-8d74-d55c0e1fa675
11-21 15:24:58 com_github_MitjaNemec_ReplicateLayout.replicate_layout 986:Dst text UUid:aaf0e9ce-4377-4aab-9eb1-d38e2a5ea2db
11-21 15:24:58 com_github_MitjaNemec_ReplicateLayout.replicate_layout 985:Src text UUid:a0212afd-65c6-4541-95be-5285b1029018
11-21 15:24:58 com_github_MitjaNemec_ReplicateLayout.replicate_layout 986:Dst text UUid:85f59cdd-6fc3-4e5b-8736-d6c0d6154579
11-21 15:24:58 com_github_MitjaNemec_ReplicateLayout.replicate_layout 985:Src text UUid:6c1c8c54-a6f0-4871-808e-07853299aedf
11-21 15:24:58 com_github_MitjaNemec_ReplicateLayout.replicate_layout 986:Dst text UUid:0b80a50c-6f7b-4015-a92b-a782b2a4bcde
11-21 15:24:58 com_github_MitjaNemec_ReplicateLayout.replicate_layout 985:Src text UUid:20d1bc8b-ad73-4ebb-8293-6c90cf825198
11-21 15:24:58 com_github_MitjaNemec_ReplicateLayout.replicate_layout 986:Dst text UUid:252c803b-b29f-4942-90d4-3eb2822333d2
11-21 15:24:58 com_github_MitjaNemec_ReplicateLayout.replicate_layout 985:Src text UUid:87b9ed5e-67d9-4505-aa36-fa1cec8f3db9
11-21 15:24:58 com_github_MitjaNemec_ReplicateLayout.replicate_layout 986:Dst text UUid:b2dd9a9d-0127-4de5-952e-09c63d077c45
11-21 15:24:58 com_github_MitjaNemec_ReplicateLayout.replicate_layout 985:Src text UUid:6703dc76-e1bb-44d6-815f-3918cd44b353
11-21 15:24:58 com_github_MitjaNemec_ReplicateLayout.replicate_layout 986:Dst text UUid:bde08f7d-fb15-4364-9ba9-9ea75cee4303
11-21 15:24:58 com_github_MitjaNemec_ReplicateLayout.replicate_layout 985:Src text UUid:70f3a102-408f-4145-a021-b80a280072ef
11-21 15:24:58 com_github_MitjaNemec_ReplicateLayout.replicate_layout 986:Dst text UUid:57286f07-87ea-4370-92fa-0c44f66f1cb3
11-21 15:24:58 com_github_MitjaNemec_ReplicateLayout.replicate_layout 985:Src text UUid:ca1782fe-44b0-458c-b3cb-fbfa1e63ad00
11-21 15:24:58 com_github_MitjaNemec_ReplicateLayout.replicate_layout 986:Dst text UUid:b93a4dcd-cce1-47e6-ad23-6faa6571eda5
11-21 15:24:58 com_github_MitjaNemec_ReplicateLayout.replicate_layout 985:Src text UUid:4635f1ed-554f-4050-bb21-9a869bd0477c
11-21 15:24:58 com_github_MitjaNemec_ReplicateLayout.replicate_layout 986:Dst text UUid:584632f3-07a5-49cd-8887-cbe2789f0ce4
11-21 15:24:58 com_github_MitjaNemec_ReplicateLayout.replicate_layout 985:Src text UUid:02df56f7-e25a-4b8c-9609-3a678a5088d0
11-21 15:24:58 com_github_MitjaNemec_ReplicateLayout.replicate_layout 986:Dst text UUid:7816a50c-e9ab-456b-a19f-5904d51eafec
11-21 15:24:58 com_github_MitjaNemec_ReplicateLayout.replicate_layout 985:Src text UUid:b21e6ed4-b0da-436a-83c9-a42f1dfdfa12
11-21 15:24:58 com_github_MitjaNemec_ReplicateLayout.replicate_layout 986:Dst text UUid:4c50787b-c0d8-4b32-aeb1-9da488f56290
11-21 15:24:58 com_github_MitjaNemec_ReplicateLayout.replicate_layout 985:Src text UUid:8a614753-5ec5-447a-8268-40129f273c89
11-21 15:24:58 com_github_MitjaNemec_ReplicateLayout.replicate_layout 986:Dst text UUid:1a480e8b-9f76-4bbe-b7d4-5e79db69d7f4
11-21 15:24:58 com_github_MitjaNemec_ReplicateLayout.replicate_layout 985:Src text UUid:cbb52a8c-da18-409a-a81d-ce717ded7cc2
11-21 15:24:58 com_github_MitjaNemec_ReplicateLayout.replicate_layout 986:Dst text UUid:7c70eb51-0831-46dc-b200-2245cd5bf28b
11-21 15:24:58 com_github_MitjaNemec_ReplicateLayout.replicate_layout 985:Src text UUid:ab619a51-ac21-4c05-8f25-4e9a4cd532c1
11-21 15:24:58 com_github_MitjaNemec_ReplicateLayout.replicate_layout 986:Dst text UUid:7467e993-bd9c-4803-9f45-276eaca273b0
11-21 15:24:58 com_github_MitjaNemec_ReplicateLayout.replicate_layout 985:Src text UUid:26d6c61a-f8b7-44ef-a327-ccec35b4e527
11-21 15:24:58 com_github_MitjaNemec_ReplicateLayout.replicate_layout 986:Dst text UUid:355b7d68-9e2c-4cbc-9040-dd338b48bcd2
11-21 15:24:58 com_github_MitjaNemec_ReplicateLayout.replicate_layout 985:Src text UUid:68f9ba42-2f41-4fef-afa4-cfb2d2e5e7bd
11-21 15:24:58 com_github_MitjaNemec_ReplicateLayout.replicate_layout 986:Dst text UUid:e18415f8-4081-400a-845a-7586b231e721
11-21 15:24:58 com_github_MitjaNemec_ReplicateLayout.replicate_layout 868:Replicating footprints on sheet ['Sensors', 'pH AMC3336']
11-21 15:24:58 com_github_MitjaNemec_ReplicateLayout.replicate_layout 985:Src text UUid:25a87bf9-53dc-43e3-80a6-f1e935dafca7
11-21 15:24:58 com_github_MitjaNemec_ReplicateLayout.replicate_layout 986:Dst text UUid:646683e7-e8e4-4a53-b541-c424227d7d28
11-21 15:24:58 com_github_MitjaNemec_ReplicateLayout.replicate_layout 985:Src text UUid:95744cb6-16fb-450a-8a00-4da2f81ffdbe
11-21 15:24:58 com_github_MitjaNemec_ReplicateLayout.replicate_layout 986:Dst text UUid:05c0e2da-069f-4c4f-aa9d-7f2b5839a3b2
11-21 15:24:58 com_github_MitjaNemec_ReplicateLayout.replicate_layout 985:Src text UUid:53dc4b0a-4e84-44cf-845b-2b7856f6e0ad
11-21 15:24:58 com_github_MitjaNemec_ReplicateLayout.replicate_layout 986:Dst text UUid:8c057555-184a-46ae-8a3c-3b17ae296140
11-21 15:24:58 root 337:updating GUI with: 57
11-21 15:24:58 com_github_MitjaNemec_ReplicateLayout.replicate_layout 985:Src text UUid:44c174b6-3fc8-4bb1-84ce-79b59bd29c0d
11-21 15:24:58 com_github_MitjaNemec_ReplicateLayout.replicate_layout 986:Dst text UUid:9c9cdd88-05ab-43ed-b269-9517cc263ba6
11-21 15:24:58 com_github_MitjaNemec_ReplicateLayout.replicate_layout 985:Src text UUid:e2984d9b-b899-4186-8e17-223821574233
11-21 15:24:58 com_github_MitjaNemec_ReplicateLayout.replicate_layout 986:Dst text UUid:2288c65f-6ec4-44e1-a378-c88c97bf8929
11-21 15:24:58 com_github_MitjaNemec_ReplicateLayout.replicate_layout 985:Src text UUid:a49cae3a-c332-4564-8b53-ae22c5078070
11-21 15:24:58 com_github_MitjaNemec_ReplicateLayout.replicate_layout 986:Dst text UUid:c3b6e4c5-97e8-4bfe-a656-dc18a4c97134
11-21 15:24:58 com_github_MitjaNemec_ReplicateLayout.replicate_layout 985:Src text UUid:9772cd09-8a91-4f6e-8f64-9035c66b7f1d
11-21 15:24:58 com_github_MitjaNemec_ReplicateLayout.replicate_layout 986:Dst text UUid:e27b8055-f524-480c-8c76-bae60d12b07a
11-21 15:24:58 com_github_MitjaNemec_ReplicateLayout.replicate_layout 985:Src text UUid:fb78809b-461a-4824-b7bc-3db4cf80edf7
11-21 15:24:58 com_github_MitjaNemec_ReplicateLayout.replicate_layout 986:Dst text UUid:c4e95f8a-36b1-42e6-9867-e3924d1a2296
11-21 15:24:58 com_github_MitjaNemec_ReplicateLayout.replicate_layout 985:Src text UUid:181c89c8-cf05-4e16-8253-c6737a4e3f78
11-21 15:24:58 com_github_MitjaNemec_ReplicateLayout.replicate_layout 986:Dst text UUid:658e1d04-95ed-4eef-a886-7d8283c9bab6
11-21 15:24:58 com_github_MitjaNemec_ReplicateLayout.replicate_layout 985:Src text UUid:c8b538bf-92f9-4e97-b081-81199973bf85
11-21 15:24:58 com_github_MitjaNemec_ReplicateLayout.replicate_layout 986:Dst text UUid:4c15bf24-e56c-4333-8c2c-0a1bd3490bec
11-21 15:24:58 com_github_MitjaNemec_ReplicateLayout.replicate_layout 985:Src text UUid:96e95bd5-22ea-473c-a2a8-8213e4d7f5e9
11-21 15:24:58 com_github_MitjaNemec_ReplicateLayout.replicate_layout 986:Dst text UUid:dbd2f607-56e3-4772-8970-37d3f362f2f6
11-21 15:24:58 com_github_MitjaNemec_ReplicateLayout.replicate_layout 985:Src text UUid:cfdb6362-ae81-4820-9edd-f2f1e10e3d97
11-21 15:24:58 com_github_MitjaNemec_ReplicateLayout.replicate_layout 986:Dst text UUid:ac832545-abb1-48cd-b077-73722d5151f5
11-21 15:24:58 com_github_MitjaNemec_ReplicateLayout.replicate_layout 985:Src text UUid:e514b119-d1e6-424d-b781-18c9eac05fbb
11-21 15:24:58 com_github_MitjaNemec_ReplicateLayout.replicate_layout 986:Dst text UUid:4172ca15-f39d-44a6-9bde-bfb89ea62bcb
11-21 15:24:58 com_github_MitjaNemec_ReplicateLayout.replicate_layout 985:Src text UUid:b7f37ecf-bb8d-4d92-9303-cf56bf696656
11-21 15:24:58 com_github_MitjaNemec_ReplicateLayout.replicate_layout 986:Dst text UUid:18beb93d-5bdd-43ea-9f7a-c13be0f870e7
11-21 15:24:58 com_github_MitjaNemec_ReplicateLayout.replicate_layout 985:Src text UUid:4cda932f-d6a7-4fa0-8c02-34f7297337af
11-21 15:24:58 com_github_MitjaNemec_ReplicateLayout.replicate_layout 986:Dst text UUid:408a36c8-f636-421f-b1d4-497426dc1072
11-21 15:24:58 com_github_MitjaNemec_ReplicateLayout.replicate_layout 985:Src text UUid:ff68d599-d476-4f8d-b64a-72ae9baff60c
11-21 15:24:58 com_github_MitjaNemec_ReplicateLayout.replicate_layout 986:Dst text UUid:4ca986e0-3305-49fb-ab1c-4f14412736e7
11-21 15:24:58 com_github_MitjaNemec_ReplicateLayout.replicate_layout 985:Src text UUid:00f6efc5-9e92-4c3b-afec-07c87756db77
11-21 15:24:58 com_github_MitjaNemec_ReplicateLayout.replicate_layout 986:Dst text UUid:e5924975-8e53-41ed-a8fb-292493bfc29c
11-21 15:24:58 com_github_MitjaNemec_ReplicateLayout.replicate_layout 985:Src text UUid:d3e63158-687e-4cdd-b4f4-b3becd7c66e0
11-21 15:24:58 com_github_MitjaNemec_ReplicateLayout.replicate_layout 986:Dst text UUid:ffcc22b0-2ce3-48a7-be75-cbbb8e3dad3b
11-21 15:24:58 com_github_MitjaNemec_ReplicateLayout.replicate_layout 985:Src text UUid:fd0a5bb1-20a9-4748-ac82-5e47c5bc8570
11-21 15:24:58 com_github_MitjaNemec_ReplicateLayout.replicate_layout 986:Dst text UUid:ac604cb0-e512-4b3a-85c5-e508ee9e8269
11-21 15:24:58 com_github_MitjaNemec_ReplicateLayout.replicate_layout 985:Src text UUid:19fcfca0-f12c-453f-b88e-695d3a4e1cdf
11-21 15:24:58 com_github_MitjaNemec_ReplicateLayout.replicate_layout 986:Dst text UUid:8e41edaf-205f-43e0-aa3d-c77231468b80
11-21 15:24:58 com_github_MitjaNemec_ReplicateLayout.replicate_layout 985:Src text UUid:fdba5ee1-abff-4fda-8291-14afa0e827dc
11-21 15:24:58 com_github_MitjaNemec_ReplicateLayout.replicate_layout 986:Dst text UUid:a67ac932-6768-4763-9668-f0147a5dc930
11-21 15:24:58 com_github_MitjaNemec_ReplicateLayout.replicate_layout 985:Src text UUid:14391d20-493e-44ae-89b8-f4c0eb7bb6d9
11-21 15:24:58 com_github_MitjaNemec_ReplicateLayout.replicate_layout 986:Dst text UUid:83b7af69-1112-446c-ab90-8ab0051d1ac1
11-21 15:24:58 com_github_MitjaNemec_ReplicateLayout.replicate_layout 985:Src text UUid:b8942a81-4bff-4b5a-b815-2771c99e9ffe
11-21 15:24:58 com_github_MitjaNemec_ReplicateLayout.replicate_layout 986:Dst text UUid:5d6c81d7-b4db-45aa-91d6-2052cbfafe48
11-21 15:24:58 com_github_MitjaNemec_ReplicateLayout.replicate_layout 985:Src text UUid:320b0c3a-9f77-40bb-8d74-d55c0e1fa675
11-21 15:24:58 com_github_MitjaNemec_ReplicateLayout.replicate_layout 986:Dst text UUid:0172db0d-5212-473c-81c6-8f9cdbb5f662
11-21 15:24:58 com_github_MitjaNemec_ReplicateLayout.replicate_layout 985:Src text UUid:a0212afd-65c6-4541-95be-5285b1029018
11-21 15:24:58 com_github_MitjaNemec_ReplicateLayout.replicate_layout 986:Dst text UUid:d8f7f47d-bb7c-4ec2-9f20-445d47cde7f8
11-21 15:24:58 com_github_MitjaNemec_ReplicateLayout.replicate_layout 985:Src text UUid:6c1c8c54-a6f0-4871-808e-07853299aedf
11-21 15:24:58 com_github_MitjaNemec_ReplicateLayout.replicate_layout 986:Dst text UUid:e214958e-4228-4348-81d9-08c87ae5f35e
11-21 15:24:58 com_github_MitjaNemec_ReplicateLayout.replicate_layout 985:Src text UUid:20d1bc8b-ad73-4ebb-8293-6c90cf825198
11-21 15:24:58 com_github_MitjaNemec_ReplicateLayout.replicate_layout 986:Dst text UUid:f129b06e-8b21-4342-972f-b76cc71d8c6b
11-21 15:24:58 com_github_MitjaNemec_ReplicateLayout.replicate_layout 985:Src text UUid:87b9ed5e-67d9-4505-aa36-fa1cec8f3db9
11-21 15:24:58 com_github_MitjaNemec_ReplicateLayout.replicate_layout 986:Dst text UUid:7c4aff77-7812-4c8f-8aa2-3d71384d0433
11-21 15:24:58 com_github_MitjaNemec_ReplicateLayout.replicate_layout 985:Src text UUid:6703dc76-e1bb-44d6-815f-3918cd44b353
11-21 15:24:58 com_github_MitjaNemec_ReplicateLayout.replicate_layout 986:Dst text UUid:5092a8d8-9e63-40b7-a2b9-b19703bed9e2
11-21 15:24:58 com_github_MitjaNemec_ReplicateLayout.replicate_layout 985:Src text UUid:70f3a102-408f-4145-a021-b80a280072ef
11-21 15:24:58 com_github_MitjaNemec_ReplicateLayout.replicate_layout 986:Dst text UUid:231bf4c9-9442-41a1-8127-19299cfa5042
11-21 15:24:58 com_github_MitjaNemec_ReplicateLayout.replicate_layout 985:Src text UUid:ca1782fe-44b0-458c-b3cb-fbfa1e63ad00
11-21 15:24:58 com_github_MitjaNemec_ReplicateLayout.replicate_layout 986:Dst text UUid:18b4b54b-01a0-415f-9ecb-73ea7fd6d96f
11-21 15:24:58 com_github_MitjaNemec_ReplicateLayout.replicate_layout 985:Src text UUid:4635f1ed-554f-4050-bb21-9a869bd0477c
11-21 15:24:58 com_github_MitjaNemec_ReplicateLayout.replicate_layout 986:Dst text UUid:315f886e-6f33-455c-aab4-2bca166a1c56
11-21 15:24:58 com_github_MitjaNemec_ReplicateLayout.replicate_layout 985:Src text UUid:02df56f7-e25a-4b8c-9609-3a678a5088d0
11-21 15:24:58 com_github_MitjaNemec_ReplicateLayout.replicate_layout 986:Dst text UUid:a295333c-5e2d-4eca-9b47-a45c14bf354a
11-21 15:24:58 com_github_MitjaNemec_ReplicateLayout.replicate_layout 985:Src text UUid:b21e6ed4-b0da-436a-83c9-a42f1dfdfa12
11-21 15:24:58 com_github_MitjaNemec_ReplicateLayout.replicate_layout 986:Dst text UUid:b9a5c670-c9b2-4aa4-b6cf-5c0913902c74
11-21 15:24:58 com_github_MitjaNemec_ReplicateLayout.replicate_layout 985:Src text UUid:8a614753-5ec5-447a-8268-40129f273c89
11-21 15:24:58 com_github_MitjaNemec_ReplicateLayout.replicate_layout 986:Dst text UUid:25557119-5992-4bf5-ba7c-f6272a1a6a2b
11-21 15:24:58 com_github_MitjaNemec_ReplicateLayout.replicate_layout 985:Src text UUid:cbb52a8c-da18-409a-a81d-ce717ded7cc2
11-21 15:24:58 com_github_MitjaNemec_ReplicateLayout.replicate_layout 986:Dst text UUid:c7a33353-b798-40f6-a5a8-24b286ab7467
11-21 15:24:58 com_github_MitjaNemec_ReplicateLayout.replicate_layout 985:Src text UUid:ab619a51-ac21-4c05-8f25-4e9a4cd532c1
11-21 15:24:58 com_github_MitjaNemec_ReplicateLayout.replicate_layout 986:Dst text UUid:e560165d-2b2f-4367-8f2f-86d09db0a1b1
11-21 15:24:58 com_github_MitjaNemec_ReplicateLayout.replicate_layout 985:Src text UUid:26d6c61a-f8b7-44ef-a327-ccec35b4e527
11-21 15:24:58 com_github_MitjaNemec_ReplicateLayout.replicate_layout 986:Dst text UUid:ccc0ea2a-585c-4c00-a7e6-1383492e4ea5
11-21 15:24:58 com_github_MitjaNemec_ReplicateLayout.replicate_layout 985:Src text UUid:68f9ba42-2f41-4fef-afa4-cfb2d2e5e7bd
11-21 15:24:58 com_github_MitjaNemec_ReplicateLayout.replicate_layout 986:Dst text UUid:9fa447af-58d1-4b2f-a8c5-029694cba078
11-21 15:24:58 root 332:updating GUI message: 'Replicating tracks'
11-21 15:24:58 com_github_MitjaNemec_ReplicateLayout.replicate_layout 1009:Replicating tracks
11-21 15:24:58 com_github_MitjaNemec_ReplicateLayout.replicate_layout 1015:Replicating tracks on sheet ['Sensors', 'ORP AMC3336']
11-21 15:24:58 com_github_MitjaNemec_ReplicateLayout.replicate_layout 776:Significant difference between src net: ['GNDA'] and dst net: ['', 'Sensors', 'ORP_GND'], with src_net_depth=1, dst_net_depth=3, src_fp_depth=2, dst_fp_depth=2, match level 0.55
11-21 15:24:58 com_github_MitjaNemec_ReplicateLayout.replicate_layout 776:Significant difference between src net: ['GNDA'] and dst net: ['', 'Sensors', 'ORP_GND'], with src_net_depth=1, dst_net_depth=3, src_fp_depth=2, dst_fp_depth=2, match level 0.55
11-21 15:24:58 com_github_MitjaNemec_ReplicateLayout.replicate_layout 776:Significant difference between src net: ['GNDA'] and dst net: ['', 'Sensors', 'ORP_GND'], with src_net_depth=1, dst_net_depth=3, src_fp_depth=2, dst_fp_depth=2, match level 0.55
11-21 15:24:58 com_github_MitjaNemec_ReplicateLayout.replicate_layout 776:Significant difference between src net: ['GNDA'] and dst net: ['', 'Sensors', 'ORP_GND'], with src_net_depth=1, dst_net_depth=3, src_fp_depth=2, dst_fp_depth=2, match level 0.55
11-21 15:24:58 com_github_MitjaNemec_ReplicateLayout.replicate_layout 776:Significant difference between src net: ['GNDA'] and dst net: ['', 'Sensors', 'ORP_GND'], with src_net_depth=1, dst_net_depth=3, src_fp_depth=2, dst_fp_depth=2, match level 0.55
11-21 15:24:58 com_github_MitjaNemec_ReplicateLayout.replicate_layout 776:Significant difference between src net: ['+3V3A'] and dst net: ['', 'Sensors', 'ORP_3V3'], with src_net_depth=1, dst_net_depth=3, src_fp_depth=2, dst_fp_depth=2, match level 0.50
11-21 15:24:58 com_github_MitjaNemec_ReplicateLayout.replicate_layout 776:Significant difference between src net: ['+3V3A'] and dst net: ['', 'Sensors', 'ORP_3V3'], with src_net_depth=1, dst_net_depth=3, src_fp_depth=2, dst_fp_depth=2, match level 0.50
11-21 15:24:58 com_github_MitjaNemec_ReplicateLayout.replicate_layout 776:Significant difference between src net: ['GNDA'] and dst net: ['', 'Sensors', 'ORP_GND'], with src_net_depth=1, dst_net_depth=3, src_fp_depth=2, dst_fp_depth=2, match level 0.55
11-21 15:24:58 com_github_MitjaNemec_ReplicateLayout.replicate_layout 776:Significant difference between src net: ['GNDA'] and dst net: ['', 'Sensors', 'ORP_GND'], with src_net_depth=1, dst_net_depth=3, src_fp_depth=2, dst_fp_depth=2, match level 0.55
11-21 15:24:58 com_github_MitjaNemec_ReplicateLayout.replicate_layout 776:Significant difference between src net: ['+3V3A'] and dst net: ['', 'Sensors', 'ORP_3V3'], with src_net_depth=1, dst_net_depth=3, src_fp_depth=2, dst_fp_depth=2, match level 0.50
11-21 15:24:58 com_github_MitjaNemec_ReplicateLayout.replicate_layout 776:Significant difference between src net: ['GNDA'] and dst net: ['', 'Sensors', 'ORP_GND'], with src_net_depth=1, dst_net_depth=3, src_fp_depth=2, dst_fp_depth=2, match level 0.55
11-21 15:24:58 com_github_MitjaNemec_ReplicateLayout.replicate_layout 776:Significant difference between src net: ['GNDA'] and dst net: ['', 'Sensors', 'ORP_GND'], with src_net_depth=1, dst_net_depth=3, src_fp_depth=2, dst_fp_depth=2, match level 0.55
11-21 15:24:58 com_github_MitjaNemec_ReplicateLayout.replicate_layout 792:Net pairs for sheet ['Sensors', 'ORP AMC3336'] :[('/Sensors/temp ec AMC3336/INP', '/Sensors/ORP AMC3336/INP'), ('/Sensors/EC_TEMP_DIAG', '/Sensors/ORP_DIAG'), ('/Sensors/EC_TEMP_DOUT', '/Sensors/ORP_DOUT'), ('unconnected-(U27-NC-Pad4)', 'unconnected-(U28-NC-Pad4)'), ('+3V3', '+3V3'), ('/Sensors/temp ec AMC3336/INN', '/Sensors/ORP AMC3336/INN'), ('Net-(U27-DCDC_IN)', 'Net-(U28-DCDC_IN)'), ('Net-(U27-DCDC_OUT)', 'Net-(U28-DCDC_OUT)'), ('GND', 'GND'), ('/ADC_CLKIN', '/ADC_CLKIN'), ('+3V3A', '/Sensors/ORP_3V3'), ('GNDA', '/Sensors/ORP_GND')]
11-21 15:24:58 root 337:updating GUI with: 0
11-21 15:24:58 com_github_MitjaNemec_ReplicateLayout.replicate_layout 1015:Replicating tracks on sheet ['Sensors', 'pH AMC3336']
11-21 15:24:58 com_github_MitjaNemec_ReplicateLayout.replicate_layout 776:Significant difference between src net: ['GNDA'] and dst net: ['', 'Sensors', 'PH_GND'], with src_net_depth=1, dst_net_depth=3, src_fp_depth=2, dst_fp_depth=2, match level 0.60
11-21 15:24:58 com_github_MitjaNemec_ReplicateLayout.replicate_layout 776:Significant difference between src net: ['GNDA'] and dst net: ['', 'Sensors', 'PH_GND'], with src_net_depth=1, dst_net_depth=3, src_fp_depth=2, dst_fp_depth=2, match level 0.60
11-21 15:24:58 com_github_MitjaNemec_ReplicateLayout.replicate_layout 776:Significant difference between src net: ['GNDA'] and dst net: ['', 'Sensors', 'PH_GND'], with src_net_depth=1, dst_net_depth=3, src_fp_depth=2, dst_fp_depth=2, match level 0.60
11-21 15:24:58 com_github_MitjaNemec_ReplicateLayout.replicate_layout 776:Significant difference between src net: ['+3V3A'] and dst net: ['', 'Sensors', 'PH_3V3'], with src_net_depth=1, dst_net_depth=3, src_fp_depth=2, dst_fp_depth=2, match level 0.55
11-21 15:24:58 com_github_MitjaNemec_ReplicateLayout.replicate_layout 776:Significant difference between src net: ['GNDA'] and dst net: ['', 'Sensors', 'PH_GND'], with src_net_depth=1, dst_net_depth=3, src_fp_depth=2, dst_fp_depth=2, match level 0.60
11-21 15:24:58 com_github_MitjaNemec_ReplicateLayout.replicate_layout 776:Significant difference between src net: ['GNDA'] and dst net: ['', 'Sensors', 'PH_GND'], with src_net_depth=1, dst_net_depth=3, src_fp_depth=2, dst_fp_depth=2, match level 0.60
11-21 15:24:58 com_github_MitjaNemec_ReplicateLayout.replicate_layout 776:Significant difference between src net: ['+3V3A'] and dst net: ['', 'Sensors', 'PH_3V3'], with src_net_depth=1, dst_net_depth=3, src_fp_depth=2, dst_fp_depth=2, match level 0.55
11-21 15:24:58 com_github_MitjaNemec_ReplicateLayout.replicate_layout 776:Significant difference between src net: ['GNDA'] and dst net: ['', 'Sensors', 'PH_GND'], with src_net_depth=1, dst_net_depth=3, src_fp_depth=2, dst_fp_depth=2, match level 0.60
11-21 15:24:58 com_github_MitjaNemec_ReplicateLayout.replicate_layout 776:Significant difference between src net: ['GNDA'] and dst net: ['', 'Sensors', 'PH_GND'], with src_net_depth=1, dst_net_depth=3, src_fp_depth=2, dst_fp_depth=2, match level 0.60
11-21 15:24:58 com_github_MitjaNemec_ReplicateLayout.replicate_layout 776:Significant difference between src net: ['GNDA'] and dst net: ['', 'Sensors', 'PH_GND'], with src_net_depth=1, dst_net_depth=3, src_fp_depth=2, dst_fp_depth=2, match level 0.60
11-21 15:24:58 com_github_MitjaNemec_ReplicateLayout.replicate_layout 776:Significant difference between src net: ['GNDA'] and dst net: ['', 'Sensors', 'PH_GND'], with src_net_depth=1, dst_net_depth=3, src_fp_depth=2, dst_fp_depth=2, match level 0.60
11-21 15:24:58 com_github_MitjaNemec_ReplicateLayout.replicate_layout 776:Significant difference between src net: ['+3V3A'] and dst net: ['', 'Sensors', 'PH_3V3'], with src_net_depth=1, dst_net_depth=3, src_fp_depth=2, dst_fp_depth=2, match level 0.55
11-21 15:24:58 com_github_MitjaNemec_ReplicateLayout.replicate_layout 792:Net pairs for sheet ['Sensors', 'pH AMC3336'] :[('/Sensors/EC_TEMP_DOUT', '/Sensors/PH_DOUT'), ('+3V3', '+3V3'), ('unconnected-(U27-NC-Pad4)', 'unconnected-(U29-NC-Pad4)'), ('/Sensors/EC_TEMP_DIAG', '/Sensors/PH_DIAG'), ('Net-(U27-DCDC_IN)', 'Net-(U29-DCDC_IN)'), ('Net-(U27-DCDC_OUT)', 'Net-(U29-DCDC_OUT)'), ('+3V3A', '/Sensors/PH_3V3'), ('GND', 'GND'), ('/ADC_CLKIN', '/ADC_CLKIN'), ('/Sensors/temp ec AMC3336/INN', '/Sensors/pH AMC3336/INN'), ('/Sensors/temp ec AMC3336/INP', '/Sensors/pH AMC3336/INP'), ('GNDA', '/Sensors/PH_GND')]
11-21 15:24:58 root 332:updating GUI message: 'Replicating zones'
11-21 15:24:58 com_github_MitjaNemec_ReplicateLayout.replicate_layout 1079:Replicating zones
11-21 15:24:58 com_github_MitjaNemec_ReplicateLayout.replicate_layout 1086:Replicating zones on sheet ['Sensors', 'ORP AMC3336']
11-21 15:24:58 com_github_MitjaNemec_ReplicateLayout.replicate_layout 776:Significant difference between src net: ['GNDA'] and dst net: ['', 'Sensors', 'ORP_GND'], with src_net_depth=1, dst_net_depth=3, src_fp_depth=2, dst_fp_depth=2, match level 0.55
11-21 15:24:58 com_github_MitjaNemec_ReplicateLayout.replicate_layout 776:Significant difference between src net: ['GNDA'] and dst net: ['', 'Sensors', 'ORP_GND'], with src_net_depth=1, dst_net_depth=3, src_fp_depth=2, dst_fp_depth=2, match level 0.55
11-21 15:24:58 com_github_MitjaNemec_ReplicateLayout.replicate_layout 776:Significant difference between src net: ['GNDA'] and dst net: ['', 'Sensors', 'ORP_GND'], with src_net_depth=1, dst_net_depth=3, src_fp_depth=2, dst_fp_depth=2, match level 0.55
11-21 15:24:58 com_github_MitjaNemec_ReplicateLayout.replicate_layout 776:Significant difference between src net: ['GNDA'] and dst net: ['', 'Sensors', 'ORP_GND'], with src_net_depth=1, dst_net_depth=3, src_fp_depth=2, dst_fp_depth=2, match level 0.55
11-21 15:24:58 com_github_MitjaNemec_ReplicateLayout.replicate_layout 776:Significant difference between src net: ['GNDA'] and dst net: ['', 'Sensors', 'ORP_GND'], with src_net_depth=1, dst_net_depth=3, src_fp_depth=2, dst_fp_depth=2, match level 0.55
11-21 15:24:58 com_github_MitjaNemec_ReplicateLayout.replicate_layout 776:Significant difference between src net: ['+3V3A'] and dst net: ['', 'Sensors', 'ORP_3V3'], with src_net_depth=1, dst_net_depth=3, src_fp_depth=2, dst_fp_depth=2, match level 0.50
11-21 15:24:58 com_github_MitjaNemec_ReplicateLayout.replicate_layout 776:Significant difference between src net: ['+3V3A'] and dst net: ['', 'Sensors', 'ORP_3V3'], with src_net_depth=1, dst_net_depth=3, src_fp_depth=2, dst_fp_depth=2, match level 0.50
11-21 15:24:58 com_github_MitjaNemec_ReplicateLayout.replicate_layout 776:Significant difference between src net: ['GNDA'] and dst net: ['', 'Sensors', 'ORP_GND'], with src_net_depth=1, dst_net_depth=3, src_fp_depth=2, dst_fp_depth=2, match level 0.55
11-21 15:24:58 com_github_MitjaNemec_ReplicateLayout.replicate_layout 776:Significant difference between src net: ['GNDA'] and dst net: ['', 'Sensors', 'ORP_GND'], with src_net_depth=1, dst_net_depth=3, src_fp_depth=2, dst_fp_depth=2, match level 0.55
11-21 15:24:58 com_github_MitjaNemec_ReplicateLayout.replicate_layout 776:Significant difference between src net: ['+3V3A'] and dst net: ['', 'Sensors', 'ORP_3V3'], with src_net_depth=1, dst_net_depth=3, src_fp_depth=2, dst_fp_depth=2, match level 0.50
11-21 15:24:58 com_github_MitjaNemec_ReplicateLayout.replicate_layout 776:Significant difference between src net: ['GNDA'] and dst net: ['', 'Sensors', 'ORP_GND'], with src_net_depth=1, dst_net_depth=3, src_fp_depth=2, dst_fp_depth=2, match level 0.55
11-21 15:24:58 com_github_MitjaNemec_ReplicateLayout.replicate_layout 776:Significant difference between src net: ['GNDA'] and dst net: ['', 'Sensors', 'ORP_GND'], with src_net_depth=1, dst_net_depth=3, src_fp_depth=2, dst_fp_depth=2, match level 0.55
11-21 15:24:58 com_github_MitjaNemec_ReplicateLayout.replicate_layout 792:Net pairs for sheet ['Sensors', 'ORP AMC3336'] :[('/Sensors/temp ec AMC3336/INP', '/Sensors/ORP AMC3336/INP'), ('/Sensors/EC_TEMP_DIAG', '/Sensors/ORP_DIAG'), ('/Sensors/EC_TEMP_DOUT', '/Sensors/ORP_DOUT'), ('unconnected-(U27-NC-Pad4)', 'unconnected-(U28-NC-Pad4)'), ('+3V3', '+3V3'), ('/Sensors/temp ec AMC3336/INN', '/Sensors/ORP AMC3336/INN'), ('Net-(U27-DCDC_IN)', 'Net-(U28-DCDC_IN)'), ('Net-(U27-DCDC_OUT)', 'Net-(U28-DCDC_OUT)'), ('GND', 'GND'), ('/ADC_CLKIN', '/ADC_CLKIN'), ('+3V3A', '/Sensors/ORP_3V3'), ('GNDA', '/Sensors/ORP_GND')]
11-21 15:24:58 root 337:updating GUI with: 16
11-21 15:24:58 com_github_MitjaNemec_ReplicateLayout.replicate_layout 1086:Replicating zones on sheet ['Sensors', 'pH AMC3336']
11-21 15:24:58 com_github_MitjaNemec_ReplicateLayout.replicate_layout 776:Significant difference between src net: ['GNDA'] and dst net: ['', 'Sensors', 'PH_GND'], with src_net_depth=1, dst_net_depth=3, src_fp_depth=2, dst_fp_depth=2, match level 0.60
11-21 15:24:58 com_github_MitjaNemec_ReplicateLayout.replicate_layout 776:Significant difference between src net: ['GNDA'] and dst net: ['', 'Sensors', 'PH_GND'], with src_net_depth=1, dst_net_depth=3, src_fp_depth=2, dst_fp_depth=2, match level 0.60
11-21 15:24:58 com_github_MitjaNemec_ReplicateLayout.replicate_layout 776:Significant difference between src net: ['GNDA'] and dst net: ['', 'Sensors', 'PH_GND'], with src_net_depth=1, dst_net_depth=3, src_fp_depth=2, dst_fp_depth=2, match level 0.60
11-21 15:24:58 com_github_MitjaNemec_ReplicateLayout.replicate_layout 776:Significant difference between src net: ['+3V3A'] and dst net: ['', 'Sensors', 'PH_3V3'], with src_net_depth=1, dst_net_depth=3, src_fp_depth=2, dst_fp_depth=2, match level 0.55
11-21 15:24:58 com_github_MitjaNemec_ReplicateLayout.replicate_layout 776:Significant difference between src net: ['GNDA'] and dst net: ['', 'Sensors', 'PH_GND'], with src_net_depth=1, dst_net_depth=3, src_fp_depth=2, dst_fp_depth=2, match level 0.60
11-21 15:24:58 com_github_MitjaNemec_ReplicateLayout.replicate_layout 776:Significant difference between src net: ['GNDA'] and dst net: ['', 'Sensors', 'PH_GND'], with src_net_depth=1, dst_net_depth=3, src_fp_depth=2, dst_fp_depth=2, match level 0.60
11-21 15:24:58 com_github_MitjaNemec_ReplicateLayout.replicate_layout 776:Significant difference between src net: ['+3V3A'] and dst net: ['', 'Sensors', 'PH_3V3'], with src_net_depth=1, dst_net_depth=3, src_fp_depth=2, dst_fp_depth=2, match level 0.55
11-21 15:24:58 com_github_MitjaNemec_ReplicateLayout.replicate_layout 776:Significant difference between src net: ['GNDA'] and dst net: ['', 'Sensors', 'PH_GND'], with src_net_depth=1, dst_net_depth=3, src_fp_depth=2, dst_fp_depth=2, match level 0.60
11-21 15:24:58 com_github_MitjaNemec_ReplicateLayout.replicate_layout 776:Significant difference between src net: ['GNDA'] and dst net: ['', 'Sensors', 'PH_GND'], with src_net_depth=1, dst_net_depth=3, src_fp_depth=2, dst_fp_depth=2, match level 0.60
11-21 15:24:58 com_github_MitjaNemec_ReplicateLayout.replicate_layout 776:Significant difference between src net: ['GNDA'] and dst net: ['', 'Sensors', 'PH_GND'], with src_net_depth=1, dst_net_depth=3, src_fp_depth=2, dst_fp_depth=2, match level 0.60
11-21 15:24:58 com_github_MitjaNemec_ReplicateLayout.replicate_layout 776:Significant difference between src net: ['GNDA'] and dst net: ['', 'Sensors', 'PH_GND'], with src_net_depth=1, dst_net_depth=3, src_fp_depth=2, dst_fp_depth=2, match level 0.60
11-21 15:24:58 com_github_MitjaNemec_ReplicateLayout.replicate_layout 776:Significant difference between src net: ['+3V3A'] and dst net: ['', 'Sensors', 'PH_3V3'], with src_net_depth=1, dst_net_depth=3, src_fp_depth=2, dst_fp_depth=2, match level 0.55
11-21 15:24:58 com_github_MitjaNemec_ReplicateLayout.replicate_layout 792:Net pairs for sheet ['Sensors', 'pH AMC3336'] :[('/Sensors/EC_TEMP_DOUT', '/Sensors/PH_DOUT'), ('+3V3', '+3V3'), ('unconnected-(U27-NC-Pad4)', 'unconnected-(U29-NC-Pad4)'), ('/Sensors/EC_TEMP_DIAG', '/Sensors/PH_DIAG'), ('Net-(U27-DCDC_IN)', 'Net-(U29-DCDC_IN)'), ('Net-(U27-DCDC_OUT)', 'Net-(U29-DCDC_OUT)'), ('+3V3A', '/Sensors/PH_3V3'), ('GND', 'GND'), ('/ADC_CLKIN', '/ADC_CLKIN'), ('/Sensors/temp ec AMC3336/INN', '/Sensors/pH AMC3336/INN'), ('/Sensors/temp ec AMC3336/INP', '/Sensors/pH AMC3336/INP'), ('GNDA', '/Sensors/PH_GND')]
11-21 15:24:58 root 332:updating GUI message: 'Replicating text'
11-21 15:24:58 com_github_MitjaNemec_ReplicateLayout.replicate_layout 1168:Replicating text
11-21 15:24:58 com_github_MitjaNemec_ReplicateLayout.replicate_layout 1175:Replicating text on sheet ['Sensors', 'ORP AMC3336']
11-21 15:24:58 com_github_MitjaNemec_ReplicateLayout.replicate_layout 1175:Replicating text on sheet ['Sensors', 'pH AMC3336']
11-21 15:24:58 root 332:updating GUI message: 'Replicating drawings'
11-21 15:24:58 com_github_MitjaNemec_ReplicateLayout.replicate_layout 1219:Replicating drawings
11-21 15:24:58 com_github_MitjaNemec_ReplicateLayout.replicate_layout 1225:Replicating drawings on sheet ['Sensors', 'ORP AMC3336']
11-21 15:24:58 com_github_MitjaNemec_ReplicateLayout.replicate_layout 1225:Replicating drawings on sheet ['Sensors', 'pH AMC3336']
11-21 15:24:59 com_github_MitjaNemec_ReplicateLayout.action_replicate_layout 256:Replication complete
11-21 15:24:59 com_github_MitjaNemec_ReplicateLayout.action_replicate_layout 259:Letting the user know there are some issues with replicated design
11-21 15:24:59 com_github_MitjaNemec_ReplicateLayout.action_replicate_layout 263:Looks like the design has an exotic connectivity that the plugin might not handle properly
 Make sure that you check the connectivity around:
Footprint C71, pad 2
Footprint C59, pad 2
Footprint C61, pad 2
Footprint C62, pad 2
Footprint C68, pad 1
Footprint C70, pad 2
Footprint U29, pad 2
Footprint C68, pad 2
Footprint C63, pad 2
Footprint C69, pad 2
Footprint R71, pad 2
Footprint U28, pad 5
Footprint U28, pad 8
Footprint R79, pad 2
Footprint C72, pad 2
Footprint R38, pad 2
Footprint U29, pad 5
Footprint R11, pad 2
Footprint C71, pad 1
Footprint C59, pad 1
Footprint C60, pad 2
Footprint C62, pad 1
Footprint U29, pad 8
Footprint U28, pad 2

